<testsuite name="Django Project Tests" errors="0" failures="0" skips="0" tests="1" time="4.053"><testcase time="0.502931" classname="mainApp.tests.BaseTestCase" name="test" /></testsuite>