<testsuite name="Django Project Tests" errors="0" failures="0" skips="0" tests="7" time="41.044"><testcase time="10.903769" classname="mainApp.tests.BaseTestCase" name="test_ActualizarReceta" /><testcase time="4.297907" classname="mainApp.tests.BaseTestCase" name="test_AddRecetaIncorrectaING" /><testcase time="1.614230" classname="mainApp.tests.BaseTestCase" name="test_AddRecetaIncorrectaImg" /><testcase time="4.669074" classname="mainApp.tests.BaseTestCase" name="test_AddRecetaIncorrectaPasos" /><testcase time="4.539866" classname="mainApp.tests.BaseTestCase" name="test_CargaPagina" /><testcase time="5.284211" classname="mainApp.tests.BaseTestCase" name="test_VerReceta" /><testcase time="5.678657" classname="mainApp.tests.BaseTestCase" name="test_eliminarReceta" /></testsuite>